<?xml version="1.0" encoding="UTF-8"?>
<testsuite name="EinarbeitungsProjekt"
           tests="1"
           failures="1"
           errors="0"
           skipped="0"
           time="0,015">
    <properties></properties>

            <testcase
                name="LoginTest1"
                time="0,015"
                classname="Testcase.LoginTest">

            <failure type="org.openqa.selenium.NoSuchElementException" message="no such element: Unable to locate element: {&quot;method&quot;:&quot;css selector&quot;,&quot;selector&quot;:&quot;.ico\-login&quot;}
  (Session info: chrome=96.0.4664.110)
For documentation on this error, please visit: https://selenium.dev/exceptions/#no_such_element
Build info: version: &apos;4.1.1&apos;, revision: &apos;e8fcc2cecf&apos;
System info: host: &apos;LAPTOP-OVVQL70O&apos;, ip: &apos;192.168.8.188&apos;, os.name: &apos;Windows 10&apos;, os.arch: &apos;amd64&apos;, os.version: &apos;10.0&apos;, java.version: &apos;17.0.1&apos;
Driver info: org.openqa.selenium.chrome.ChromeDriver
Command: [b01e9ef2d948f04e6753a9d9d20a1a91, findElement {using=css selector, value=.ico\-login}]
Capabilities {acceptInsecureCerts: false, browserName: chrome, browserVersion: 96.0.4664.110, chrome: {chromedriverVersion: 96.0.4664.45 (76e4c1bb2ab46..., userDataDir: C:\Users\HASANA~1\AppData\L...}, goog:chromeOptions: {debuggerAddress: localhost:53110}, javascriptEnabled: true, networkConnectionEnabled: false, pageLoadStrategy: normal, platform: WINDOWS, platformName: WINDOWS, proxy: Proxy(), se:cdp: ws://localhost:53110/devtoo..., se:cdpVersion: 96.0.4664.110, setWindowRect: true, strictFileInteractability: false, timeouts: {implicit: 0, pageLoad: 300000, script: 30000}, unhandledPromptBehavior: dismiss and notify, webauthn:extension:credBlob: true, webauthn:extension:largeBlob: true, webauthn:virtualAuthenticators: true}
Session ID: b01e9ef2d948f04e6753a9d9d20a1a91">
                <![CDATA[org.openqa.selenium.NoSuchElementException: no such element: Unable to locate element: {"method":"css selector","selector":".ico\-login"}
  (Session info: chrome=96.0.4664.110)
For documentation on this error, please visit: https://selenium.dev/exceptions/#no_such_element
Build info: version: '4.1.1', revision: 'e8fcc2cecf'
System info: host: 'LAPTOP-OVVQL70O', ip: '192.168.8.188', os.name: 'Windows 10', os.arch: 'amd64', os.version: '10.0', java.version: '17.0.1'
Driver info: org.openqa.selenium.chrome.ChromeDriver
Command: [b01e9ef2d948f04e6753a9d9d20a1a91, findElement {using=css selector, value=.ico\-login}]
Capabilities {acceptInsecureCerts: false, browserName: chrome, browserVersion: 96.0.4664.110, chrome: {chromedriverVersion: 96.0.4664.45 (76e4c1bb2ab46..., userDataDir: C:\Users\HASANA~1\AppData\L...}, goog:chromeOptions: {debuggerAddress: localhost:53110}, javascriptEnabled: true, networkConnectionEnabled: false, pageLoadStrategy: normal, platform: WINDOWS, platformName: WINDOWS, proxy: Proxy(), se:cdp: ws://localhost:53110/devtoo..., se:cdpVersion: 96.0.4664.110, setWindowRect: true, strictFileInteractability: false, timeouts: {implicit: 0, pageLoad: 300000, script: 30000}, unhandledPromptBehavior: dismiss and notify, webauthn:extension:credBlob: true, webauthn:extension:largeBlob: true, webauthn:virtualAuthenticators: true}
Session ID: b01e9ef2d948f04e6753a9d9d20a1a91
                java.base/jdk.internal.reflect.NativeConstructorAccessorImpl.newInstance0(Native Method)java.base/jdk.internal.reflect.NativeConstructorAccessorImpl.newInstance(NativeConstructorAccessorImpl.java:77)java.base/jdk.internal.reflect.DelegatingConstructorAccessorImpl.newInstance(DelegatingConstructorAccessorImpl.java:45)java.base/java.lang.reflect.Constructor.newInstanceWithCaller(Constructor.java:499)java.base/java.lang.reflect.Constructor.newInstance(Constructor.java:480)org.openqa.selenium.remote.codec.w3c.W3CHttpResponseCodec.createException(W3CHttpResponseCodec.java:200)org.openqa.selenium.remote.codec.w3c.W3CHttpResponseCodec.decode(W3CHttpResponseCodec.java:133)org.openqa.selenium.remote.codec.w3c.W3CHttpResponseCodec.decode(W3CHttpResponseCodec.java:53)org.openqa.selenium.remote.HttpCommandExecutor.execute(HttpCommandExecutor.java:184)org.openqa.selenium.remote.service.DriverCommandExecutor.invokeExecute(DriverCommandExecutor.java:167)org.openqa.selenium.remote.service.DriverCommandExecutor.execute(DriverCommandExecutor.java:142)org.openqa.selenium.remote.RemoteWebDriver.execute(RemoteWebDriver.java:543)org.openqa.selenium.remote.ElementLocation$ElementFinder$2.findElement(ElementLocation.java:162)org.openqa.selenium.remote.ElementLocation.findElement(ElementLocation.java:60)org.openqa.selenium.remote.RemoteWebDriver.findElement(RemoteWebDriver.java:367)org.openqa.selenium.remote.RemoteWebDriver.findElement(RemoteWebDriver.java:359)org.openqa.selenium.By$PreW3CLocator.findElement(By.java:429)org.openqa.selenium.By$ByClassName.findElement(By.java:298)org.openqa.selenium.remote.ElementLocation$ElementFinder$1.findElement(ElementLocation.java:136)org.openqa.selenium.remote.ElementLocation.findElement(ElementLocation.java:60)org.openqa.selenium.remote.RemoteWebDriver.findElement(RemoteWebDriver.java:367)org.openqa.selenium.remote.RemoteWebDriver.findElement(RemoteWebDriver.java:359)org.openqa.selenium.support.pagefactory.DefaultElementLocator.findElement(DefaultElementLocator.java:70)org.openqa.selenium.support.pagefactory.internal.LocatingElementHandler.invoke(LocatingElementHandler.java:39)jdk.proxy2/jdk.proxy2.$Proxy20.isEnabled(Unknown Source)HelfMethoden.ElementTest.ElementTestClick(ElementTest.java:11)Pages.LoginPage.login(LoginPage.java:60)Testcase.LoginTest.LoginTest1(LoginTest.java:22)java.base/jdk.internal.reflect.NativeMethodAccessorImpl.invoke0(Native Method)java.base/jdk.internal.reflect.NativeMethodAccessorImpl.invoke(NativeMethodAccessorImpl.java:77)java.base/jdk.internal.reflect.DelegatingMethodAccessorImpl.invoke(DelegatingMethodAccessorImpl.java:43)java.base/java.lang.reflect.Method.invoke(Method.java:568)org.testng.internal.MethodInvocationHelper.invokeMethod(MethodInvocationHelper.java:133)org.testng.internal.TestInvoker.invokeMethod(TestInvoker.java:598)org.testng.internal.TestInvoker.invokeTestMethod(TestInvoker.java:173)org.testng.internal.MethodRunner.runInSequence(MethodRunner.java:46)org.testng.internal.TestInvoker$MethodInvocationAgent.invoke(TestInvoker.java:824)org.testng.internal.TestInvoker.invokeTestMethods(TestInvoker.java:146)org.testng.internal.TestMethodWorker.invokeTestMethods(TestMethodWorker.java:146)org.testng.internal.TestMethodWorker.run(TestMethodWorker.java:128)java.base/java.util.ArrayList.forEach(ArrayList.java:1511)org.testng.TestRunner.privateRun(TestRunner.java:794)org.testng.TestRunner.run(TestRunner.java:596)org.testng.SuiteRunner.runTest(SuiteRunner.java:377)org.testng.SuiteRunner.runSequentially(SuiteRunner.java:371)org.testng.SuiteRunner.privateRun(SuiteRunner.java:332)org.testng.SuiteRunner.run(SuiteRunner.java:276)org.testng.SuiteRunnerWorker.runSuite(SuiteRunnerWorker.java:53)org.testng.SuiteRunnerWorker.run(SuiteRunnerWorker.java:96)org.testng.TestNG.runSuitesSequentially(TestNG.java:1212)org.testng.TestNG.runSuitesLocally(TestNG.java:1134)org.testng.TestNG.runSuites(TestNG.java:1063)org.testng.TestNG.run(TestNG.java:1031)com.intellij.rt.testng.IDEARemoteTestNG.run(IDEARemoteTestNG.java:66)com.intellij.rt.testng.RemoteTestNGStarter.main(RemoteTestNGStarter.java:109)
]]>
            </failure>
    </testcase>


</testsuite>
